{"/Users/arjun/Documents/interview/server/index.ts": {"path":"/Users/arjun/Documents/interview/server/index.ts","statementMap":{"0":{"start":{"line":1,"column":0},"end":{"line":1,"column":62}},"1":{"start":{"line":2,"column":0},"end":{"line":2,"column":28}},"2":{"start":{"line":3,"column":0},"end":{"line":3,"column":23}},"3":{"start":{"line":4,"column":0},"end":{"line":4,"column":41}},"4":{"start":{"line":5,"column":0},"end":{"line":5,"column":16}},"5":{"start":{"line":7,"column":13},"end":{"line":7,"column":38}},"6":{"start":{"line":8,"column":13},"end":{"line":8,"column":17}},"7":{"start":{"line":10,"column":0},"end":{"line":10,"column":24}},"8":{"start":{"line":13,"column":0},"end":{"line":13,"column":16}},"9":{"start":{"line":15,"column":0},"end":{"line":18,"column":3}},"10":{"start":{"line":16,"column":2},"end":{"line":16,"column":18}},"11":{"start":{"line":17,"column":2},"end":{"line":17,"column":44}},"12":{"start":{"line":20,"column":0},"end":{"line":33,"column":3}},"13":{"start":{"line":21,"column":2},"end":{"line":21,"column":52}},"14":{"start":{"line":22,"column":18},"end":{"line":22,"column":35}},"15":{"start":{"line":23,"column":21},"end":{"line":23,"column":53}},"16":{"start":{"line":24,"column":21},"end":{"line":24,"column":53}},"17":{"start":{"line":25,"column":2},"end":{"line":32,"column":null}},"18":{"start":{"line":26,"column":18},"end":{"line":26,"column":76}},"19":{"start":{"line":27,"column":4},"end":{"line":27,"column":20}},"20":{"start":{"line":28,"column":4},"end":{"line":28,"column":null}},"21":{"start":{"line":30,"column":4},"end":{"line":30,"column":20}},"22":{"start":{"line":31,"column":4},"end":{"line":31,"column":30}},"23":{"start":{"line":35,"column":0},"end":{"line":41,"column":3}},"24":{"start":{"line":40,"column":2},"end":{"line":40,"column":59}}},"fnMap":{"0":{"name":"(anonymous_1)","decl":{"start":{"line":15,"column":13},"end":{"line":15,"column":14}},"loc":{"start":{"line":15,"column":44},"end":{"line":18,"column":1}}},"1":{"name":"(anonymous_2)","decl":{"start":{"line":20,"column":19},"end":{"line":20,"column":24}},"loc":{"start":{"line":20,"column":55},"end":{"line":33,"column":1}}},"2":{"name":"(anonymous_3)","decl":{"start":{"line":35,"column":17},"end":{"line":35,"column":20}},"loc":{"start":{"line":35,"column":22},"end":{"line":38,"column":1}}},"3":{"name":"(anonymous_4)","decl":{"start":{"line":39,"column":13},"end":{"line":39,"column":14}},"loc":{"start":{"line":39,"column":30},"end":{"line":41,"column":1}}}},"branchMap":{"0":{"loc":{"start":{"line":23,"column":21},"end":{"line":23,"column":53}},"type":"cond-expr","locations":[{"start":{"line":23,"column":41},"end":{"line":23,"column":43}},{"start":{"line":23,"column":41},"end":{"line":23,"column":53}}]},"1":{"loc":{"start":{"line":23,"column":21},"end":{"line":23,"column":43}},"type":"binary-expr","locations":[{"start":{"line":23,"column":21},"end":{"line":23,"column":43}},{"start":{"line":23,"column":41},"end":{"line":23,"column":43}}]},"2":{"loc":{"start":{"line":24,"column":21},"end":{"line":24,"column":53}},"type":"cond-expr","locations":[{"start":{"line":24,"column":41},"end":{"line":24,"column":43}},{"start":{"line":24,"column":41},"end":{"line":24,"column":53}}]},"3":{"loc":{"start":{"line":24,"column":21},"end":{"line":24,"column":43}},"type":"binary-expr","locations":[{"start":{"line":24,"column":21},"end":{"line":24,"column":43}},{"start":{"line":24,"column":41},"end":{"line":24,"column":43}}]},"4":{"loc":{"start":{"line":25,"column":2},"end":{"line":32,"column":null}},"type":"if","locations":[{"start":{"line":25,"column":2},"end":{"line":32,"column":null}},{"start":{"line":29,"column":9},"end":{"line":32,"column":null}}]}},"s":{"0":1,"1":1,"2":1,"3":1,"4":1,"5":1,"6":1,"7":1,"8":1,"9":1,"10":1,"11":1,"12":1,"13":2,"14":2,"15":2,"16":2,"17":2,"18":1,"19":1,"20":1,"21":1,"22":1,"23":1,"24":1},"f":{"0":1,"1":2,"2":0,"3":1},"b":{"0":[2,0],"1":[2,2],"2":[2,0],"3":[2,2],"4":[1,1]}}
,"/Users/arjun/Documents/interview/server/api/getBooks.ts": {"path":"/Users/arjun/Documents/interview/server/api/getBooks.ts","statementMap":{"0":{"start":{"line":1,"column":0},"end":{"line":1,"column":26}},"1":{"start":{"line":4,"column":24},"end":{"line":18,"column":1}},"2":{"start":{"line":9,"column":15},"end":{"line":9,"column":86}},"3":{"start":{"line":10,"column":2},"end":{"line":12,"column":null}},"4":{"start":{"line":11,"column":4},"end":{"line":11,"column":42}},"5":{"start":{"line":13,"column":2},"end":{"line":15,"column":null}},"6":{"start":{"line":14,"column":4},"end":{"line":14,"column":42}},"7":{"start":{"line":16,"column":19},"end":{"line":16,"column":55}},"8":{"start":{"line":17,"column":2},"end":{"line":17,"column":23}},"9":{"start":{"line":4,"column":13},"end":{"line":4,"column":24}}},"fnMap":{"0":{"name":"(anonymous_1)","decl":{"start":{"line":4,"column":24},"end":{"line":4,"column":29}},"loc":{"start":{"line":8,"column":26},"end":{"line":18,"column":1}}}},"branchMap":{"0":{"loc":{"start":{"line":10,"column":2},"end":{"line":12,"column":null}},"type":"if","locations":[{"start":{"line":10,"column":2},"end":{"line":12,"column":null}}]},"1":{"loc":{"start":{"line":13,"column":2},"end":{"line":15,"column":null}},"type":"if","locations":[{"start":{"line":13,"column":2},"end":{"line":15,"column":null}}]}},"s":{"0":2,"1":2,"2":3,"3":3,"4":2,"5":3,"6":2,"7":3,"8":2,"9":2},"f":{"0":3},"b":{"0":[2],"1":[2]}}
,"/Users/arjun/Documents/interview/server/dist/index.js": {"path":"/Users/arjun/Documents/interview/server/dist/index.js","statementMap":{"0":{"start":{"line":2,"column":22},"end":{"line":4,"column":1}},"1":{"start":{"line":3,"column":4},"end":{"line":3,"column":62}},"2":{"start":{"line":5,"column":0},"end":{"line":5,"column":62}},"3":{"start":{"line":6,"column":0},"end":{"line":6,"column":21}},"4":{"start":{"line":7,"column":18},"end":{"line":7,"column":53}},"5":{"start":{"line":8,"column":17},"end":{"line":8,"column":51}},"6":{"start":{"line":9,"column":15},"end":{"line":9,"column":47}},"7":{"start":{"line":10,"column":19},"end":{"line":10,"column":44}},"8":{"start":{"line":11,"column":0},"end":{"line":11,"column":26}},"9":{"start":{"line":12,"column":0},"end":{"line":12,"column":39}},"10":{"start":{"line":13,"column":13},"end":{"line":13,"column":17}},"11":{"start":{"line":14,"column":0},"end":{"line":14,"column":42}},"12":{"start":{"line":16,"column":0},"end":{"line":16,"column":39}},"13":{"start":{"line":17,"column":0},"end":{"line":20,"column":3}},"14":{"start":{"line":18,"column":4},"end":{"line":18,"column":20}},"15":{"start":{"line":19,"column":4},"end":{"line":19,"column":46}},"16":{"start":{"line":21,"column":0},"end":{"line":36,"column":3}},"17":{"start":{"line":23,"column":4},"end":{"line":23,"column":54}},"18":{"start":{"line":24,"column":20},"end":{"line":24,"column":37}},"19":{"start":{"line":25,"column":23},"end":{"line":25,"column":101}},"20":{"start":{"line":26,"column":23},"end":{"line":26,"column":101}},"21":{"start":{"line":27,"column":4},"end":{"line":35,"column":5}},"22":{"start":{"line":28,"column":22},"end":{"line":28,"column":96}},"23":{"start":{"line":29,"column":8},"end":{"line":29,"column":24}},"24":{"start":{"line":30,"column":8},"end":{"line":30,"column":24}},"25":{"start":{"line":33,"column":8},"end":{"line":33,"column":24}},"26":{"start":{"line":34,"column":8},"end":{"line":34,"column":34}},"27":{"start":{"line":37,"column":0},"end":{"line":43,"column":3}},"28":{"start":{"line":42,"column":4},"end":{"line":42,"column":61}}},"fnMap":{"0":{"name":"(anonymous_0)","decl":{"start":{"line":2,"column":56},"end":{"line":2,"column":57}},"loc":{"start":{"line":2,"column":71},"end":{"line":4,"column":1}},"line":2},"1":{"name":"(anonymous_1)","decl":{"start":{"line":17,"column":21},"end":{"line":17,"column":22}},"loc":{"start":{"line":17,"column":35},"end":{"line":20,"column":1}},"line":17},"2":{"name":"(anonymous_2)","decl":{"start":{"line":21,"column":27},"end":{"line":21,"column":28}},"loc":{"start":{"line":21,"column":47},"end":{"line":36,"column":1}},"line":21},"3":{"name":"(anonymous_3)","decl":{"start":{"line":37,"column":25},"end":{"line":37,"column":26}},"loc":{"start":{"line":37,"column":31},"end":{"line":40,"column":1}},"line":37},"4":{"name":"(anonymous_4)","decl":{"start":{"line":41,"column":17},"end":{"line":41,"column":18}},"loc":{"start":{"line":41,"column":28},"end":{"line":43,"column":1}},"line":41}},"branchMap":{"0":{"loc":{"start":{"line":2,"column":22},"end":{"line":4,"column":1}},"type":"binary-expr","locations":[{"start":{"line":2,"column":23},"end":{"line":2,"column":27}},{"start":{"line":2,"column":31},"end":{"line":2,"column":51}},{"start":{"line":2,"column":56},"end":{"line":4,"column":1}}],"line":2},"1":{"loc":{"start":{"line":3,"column":11},"end":{"line":3,"column":61}},"type":"cond-expr","locations":[{"start":{"line":3,"column":37},"end":{"line":3,"column":40}},{"start":{"line":3,"column":43},"end":{"line":3,"column":61}}],"line":3},"2":{"loc":{"start":{"line":3,"column":12},"end":{"line":3,"column":33}},"type":"binary-expr","locations":[{"start":{"line":3,"column":12},"end":{"line":3,"column":15}},{"start":{"line":3,"column":19},"end":{"line":3,"column":33}}],"line":3},"3":{"loc":{"start":{"line":25,"column":23},"end":{"line":25,"column":101}},"type":"cond-expr","locations":[{"start":{"line":25,"column":79},"end":{"line":25,"column":85}},{"start":{"line":25,"column":88},"end":{"line":25,"column":101}}],"line":25},"4":{"loc":{"start":{"line":25,"column":23},"end":{"line":25,"column":76}},"type":"binary-expr","locations":[{"start":{"line":25,"column":23},"end":{"line":25,"column":59}},{"start":{"line":25,"column":63},"end":{"line":25,"column":76}}],"line":25},"5":{"loc":{"start":{"line":26,"column":23},"end":{"line":26,"column":101}},"type":"cond-expr","locations":[{"start":{"line":26,"column":79},"end":{"line":26,"column":85}},{"start":{"line":26,"column":88},"end":{"line":26,"column":101}}],"line":26},"6":{"loc":{"start":{"line":26,"column":23},"end":{"line":26,"column":76}},"type":"binary-expr","locations":[{"start":{"line":26,"column":23},"end":{"line":26,"column":59}},{"start":{"line":26,"column":63},"end":{"line":26,"column":76}}],"line":26},"7":{"loc":{"start":{"line":27,"column":4},"end":{"line":35,"column":5}},"type":"if","locations":[{"start":{"line":27,"column":4},"end":{"line":35,"column":5}},{"start":{"line":32,"column":9},"end":{"line":35,"column":5}}],"line":27}},"s":{"0":1,"1":3,"2":1,"3":1,"4":1,"5":1,"6":1,"7":1,"8":1,"9":1,"10":1,"11":1,"12":1,"13":1,"14":1,"15":1,"16":1,"17":2,"18":2,"19":2,"20":2,"21":2,"22":1,"23":1,"24":1,"25":1,"26":1,"27":1,"28":1},"f":{"0":3,"1":1,"2":2,"3":0,"4":1},"b":{"0":[1,1,1],"1":[0,3],"2":[3,3],"3":[2,0],"4":[2,2],"5":[2,0],"6":[2,2],"7":[1,1]},"inputSourceMap":null,"_coverageSchema":"1a1c01bbd47fc00a2c39e90264f33305004495a9","hash":"eec512dfed7518bd215491a6deb8e46597f39bb2"}
,"/Users/arjun/Documents/interview/server/dist/api/getBooks.js": {"path":"/Users/arjun/Documents/interview/server/dist/api/getBooks.js","statementMap":{"0":{"start":{"line":2,"column":22},"end":{"line":4,"column":1}},"1":{"start":{"line":3,"column":4},"end":{"line":3,"column":62}},"2":{"start":{"line":5,"column":0},"end":{"line":5,"column":62}},"3":{"start":{"line":6,"column":0},"end":{"line":6,"column":26}},"4":{"start":{"line":7,"column":16},"end":{"line":7,"column":49}},"5":{"start":{"line":8,"column":17},"end":{"line":18,"column":1}},"6":{"start":{"line":9,"column":17},"end":{"line":9,"column":88}},"7":{"start":{"line":10,"column":4},"end":{"line":12,"column":5}},"8":{"start":{"line":11,"column":8},"end":{"line":11,"column":46}},"9":{"start":{"line":13,"column":4},"end":{"line":15,"column":5}},"10":{"start":{"line":14,"column":8},"end":{"line":14,"column":46}},"11":{"start":{"line":16,"column":21},"end":{"line":16,"column":54}},"12":{"start":{"line":17,"column":4},"end":{"line":17,"column":25}},"13":{"start":{"line":19,"column":0},"end":{"line":19,"column":28}}},"fnMap":{"0":{"name":"(anonymous_0)","decl":{"start":{"line":2,"column":56},"end":{"line":2,"column":57}},"loc":{"start":{"line":2,"column":71},"end":{"line":4,"column":1}},"line":2},"1":{"name":"(anonymous_1)","decl":{"start":{"line":8,"column":17},"end":{"line":8,"column":18}},"loc":{"start":{"line":8,"column":60},"end":{"line":18,"column":1}},"line":8}},"branchMap":{"0":{"loc":{"start":{"line":2,"column":22},"end":{"line":4,"column":1}},"type":"binary-expr","locations":[{"start":{"line":2,"column":23},"end":{"line":2,"column":27}},{"start":{"line":2,"column":31},"end":{"line":2,"column":51}},{"start":{"line":2,"column":56},"end":{"line":4,"column":1}}],"line":2},"1":{"loc":{"start":{"line":3,"column":11},"end":{"line":3,"column":61}},"type":"cond-expr","locations":[{"start":{"line":3,"column":37},"end":{"line":3,"column":40}},{"start":{"line":3,"column":43},"end":{"line":3,"column":61}}],"line":3},"2":{"loc":{"start":{"line":3,"column":12},"end":{"line":3,"column":33}},"type":"binary-expr","locations":[{"start":{"line":3,"column":12},"end":{"line":3,"column":15}},{"start":{"line":3,"column":19},"end":{"line":3,"column":33}}],"line":3},"3":{"loc":{"start":{"line":10,"column":4},"end":{"line":12,"column":5}},"type":"if","locations":[{"start":{"line":10,"column":4},"end":{"line":12,"column":5}},{"start":{},"end":{}}],"line":10},"4":{"loc":{"start":{"line":13,"column":4},"end":{"line":15,"column":5}},"type":"if","locations":[{"start":{"line":13,"column":4},"end":{"line":15,"column":5}},{"start":{},"end":{}}],"line":13}},"s":{"0":2,"1":2,"2":2,"3":2,"4":2,"5":2,"6":3,"7":3,"8":2,"9":3,"10":2,"11":3,"12":2,"13":2},"f":{"0":2,"1":3},"b":{"0":[2,2,2],"1":[0,2],"2":[2,2],"3":[2,1],"4":[2,1]},"inputSourceMap":null,"_coverageSchema":"1a1c01bbd47fc00a2c39e90264f33305004495a9","hash":"1a5160e463ca9bf2d025d8dab9c6e47b259e64d7"}
}
